<?xml version="1.0" encoding="UTF-8"?>
<!-- Generated by org.testng.reporters.JUnitReportReporter -->
<testsuite hostname="ISIPLMUMLP142" name="amazonTests.ProductLinks" tests="1" failures="0" timestamp="8 Feb 2019 10:11:51 GMT" time="0.986" errors="0">
  <testcase name="get_HREF" time="0.986" classname="amazonTests.ProductLinks"/>
</testsuite> <!-- amazonTests.ProductLinks -->
