<?xml version="1.0" encoding="UTF-8"?>
<!-- Generated by org.testng.reporters.JUnitReportReporter -->
<testsuite hostname="ISIPLMUMLP142" name="swiftcodesTest.BankDetails" tests="1" failures="0" timestamp="8 Feb 2019 10:37:18 GMT" time="15.830" errors="0">
  <testcase name="getBankDetails" time="15.830" classname="swiftcodesTest.BankDetails"/>
</testsuite> <!-- swiftcodesTest.BankDetails -->
